<?xml version="1.0" encoding="UTF-8"?>
<!-- Generated by org.testng.reporters.JUnitXMLReporter -->
<testsuite ignored="0" hostname="MHYD68B8E0D5" failures="0" tests="5" name="Test" time="0.062" errors="0" timestamp="2024-06-11T13:12:33 IST">
  <testcase classname="com.test.CalculatorTest" name="testAdd" time="0.003"/>
  <testcase classname="com.test.CalculatorTest" name="testDivide" time="0.0"/>
  <testcase classname="com.test.CalculatorTest" name="testDivideByZero" time="0.0"/>
  <testcase classname="com.test.CalculatorTest" name="testMultiply" time="0.001"/>
  <testcase classname="com.test.CalculatorTest" name="testSubtract" time="0.0"/>
</testsuite> <!-- Test -->
