<?xml version="1.0" encoding="UTF-8"?>
<testng-results ignored="0" total="5" passed="5" failed="0" skipped="0">
  <reporter-output>
  </reporter-output>
  <suite started-at="2024-06-11T13:12:33 IST" name="Suite" finished-at="2024-06-11T13:12:33 IST" duration-ms="62">
    <groups>
    </groups>
    <test started-at="2024-06-11T13:12:33 IST" name="Test" finished-at="2024-06-11T13:12:33 IST" duration-ms="62">
      <class name="com.test.CalculatorTest">
        <test-method is-config="true" signature="setUp()[pri:0, instance:com.test.CalculatorTest@44821a96]" started-at="2024-06-11T13:12:33 IST" name="setUp" finished-at="2024-06-11T13:12:33 IST" duration-ms="13" status="PASS">
          <reporter-output>
          </reporter-output>
        </test-method> <!-- setUp -->
        <test-method signature="testAdd()[pri:0, instance:com.test.CalculatorTest@44821a96]" started-at="2024-06-11T13:12:33 IST" name="testAdd" finished-at="2024-06-11T13:12:33 IST" duration-ms="3" status="PASS">
          <reporter-output>
          </reporter-output>
        </test-method> <!-- testAdd -->
        <test-method is-config="true" signature="setUp()[pri:0, instance:com.test.CalculatorTest@44821a96]" started-at="2024-06-11T13:12:33 IST" name="setUp" finished-at="2024-06-11T13:12:33 IST" duration-ms="1" status="PASS">
          <reporter-output>
          </reporter-output>
        </test-method> <!-- setUp -->
        <test-method signature="testDivide()[pri:0, instance:com.test.CalculatorTest@44821a96]" started-at="2024-06-11T13:12:33 IST" name="testDivide" finished-at="2024-06-11T13:12:33 IST" duration-ms="0" status="PASS">
          <reporter-output>
          </reporter-output>
        </test-method> <!-- testDivide -->
        <test-method is-config="true" signature="setUp()[pri:0, instance:com.test.CalculatorTest@44821a96]" started-at="2024-06-11T13:12:33 IST" name="setUp" finished-at="2024-06-11T13:12:33 IST" duration-ms="0" status="PASS">
          <reporter-output>
          </reporter-output>
        </test-method> <!-- setUp -->
        <test-method signature="testDivideByZero()[pri:0, instance:com.test.CalculatorTest@44821a96]" started-at="2024-06-11T13:12:33 IST" name="testDivideByZero" finished-at="2024-06-11T13:12:33 IST" duration-ms="0" status="PASS">
          <exception class="java.lang.IllegalArgumentException">
            <message>
              <![CDATA[Division by zero is not allowed]]>
            </message>
            <full-stacktrace>
              <![CDATA[java.lang.IllegalArgumentException: Division by zero is not allowed
at com.snow.Calculator.divide(Calculator.java:17)
at com.test.CalculatorTest.testDivideByZero(CalculatorTest.java:39)
at java.base/jdk.internal.reflect.NativeMethodAccessorImpl.invoke0(Native Method)
at java.base/jdk.internal.reflect.NativeMethodAccessorImpl.invoke(NativeMethodAccessorImpl.java:62)
at java.base/jdk.internal.reflect.DelegatingMethodAccessorImpl.invoke(DelegatingMethodAccessorImpl.java:43)
at java.base/java.lang.reflect.Method.invoke(Method.java:566)
at org.testng.internal.invokers.MethodInvocationHelper.invokeMethod(MethodInvocationHelper.java:139)
at org.testng.internal.invokers.TestInvoker.invokeMethod(TestInvoker.java:664)
at org.testng.internal.invokers.TestInvoker.invokeTestMethod(TestInvoker.java:227)
at org.testng.internal.invokers.MethodRunner.runInSequence(MethodRunner.java:50)
at org.testng.internal.invokers.TestInvoker$MethodInvocationAgent.invoke(TestInvoker.java:957)
at org.testng.internal.invokers.TestInvoker.invokeTestMethods(TestInvoker.java:200)
at org.testng.internal.invokers.TestMethodWorker.invokeTestMethods(TestMethodWorker.java:148)
at org.testng.internal.invokers.TestMethodWorker.run(TestMethodWorker.java:128)
at java.base/java.util.ArrayList.forEach(ArrayList.java:1541)
at org.testng.TestRunner.privateRun(TestRunner.java:848)
at org.testng.TestRunner.run(TestRunner.java:621)
at org.testng.SuiteRunner.runTest(SuiteRunner.java:443)
at org.testng.SuiteRunner.runSequentially(SuiteRunner.java:437)
at org.testng.SuiteRunner.privateRun(SuiteRunner.java:397)
at org.testng.SuiteRunner.run(SuiteRunner.java:336)
at org.testng.SuiteRunnerWorker.runSuite(SuiteRunnerWorker.java:52)
at org.testng.SuiteRunnerWorker.run(SuiteRunnerWorker.java:95)
at org.testng.TestNG.runSuitesSequentially(TestNG.java:1280)
at org.testng.TestNG.runSuitesLocally(TestNG.java:1200)
at org.testng.TestNG.runSuites(TestNG.java:1114)
at org.testng.TestNG.run(TestNG.java:1082)
at org.apache.maven.surefire.testng.TestNGExecutor.run(TestNGExecutor.java:283)
at org.apache.maven.surefire.testng.TestNGXmlTestSuite.execute(TestNGXmlTestSuite.java:75)
at org.apache.maven.surefire.testng.TestNGProvider.invoke(TestNGProvider.java:120)
at org.apache.maven.surefire.booter.ForkedBooter.invokeProviderInSameClassLoader(ForkedBooter.java:384)
at org.apache.maven.surefire.booter.ForkedBooter.runSuitesInProcess(ForkedBooter.java:345)
at org.apache.maven.surefire.booter.ForkedBooter.execute(ForkedBooter.java:126)
at org.apache.maven.surefire.booter.ForkedBooter.main(ForkedBooter.java:418)
]]>
            </full-stacktrace>
          </exception> <!-- java.lang.IllegalArgumentException -->
          <reporter-output>
          </reporter-output>
        </test-method> <!-- testDivideByZero -->
        <test-method signature="testMultiply()[pri:0, instance:com.test.CalculatorTest@44821a96]" started-at="2024-06-11T13:12:33 IST" name="testMultiply" finished-at="2024-06-11T13:12:33 IST" duration-ms="1" status="PASS">
          <reporter-output>
          </reporter-output>
        </test-method> <!-- testMultiply -->
        <test-method is-config="true" signature="setUp()[pri:0, instance:com.test.CalculatorTest@44821a96]" started-at="2024-06-11T13:12:33 IST" name="setUp" finished-at="2024-06-11T13:12:33 IST" duration-ms="0" status="PASS">
          <reporter-output>
          </reporter-output>
        </test-method> <!-- setUp -->
        <test-method is-config="true" signature="setUp()[pri:0, instance:com.test.CalculatorTest@44821a96]" started-at="2024-06-11T13:12:33 IST" name="setUp" finished-at="2024-06-11T13:12:33 IST" duration-ms="1" status="PASS">
          <reporter-output>
          </reporter-output>
        </test-method> <!-- setUp -->
        <test-method signature="testSubtract()[pri:0, instance:com.test.CalculatorTest@44821a96]" started-at="2024-06-11T13:12:33 IST" name="testSubtract" finished-at="2024-06-11T13:12:33 IST" duration-ms="0" status="PASS">
          <reporter-output>
          </reporter-output>
        </test-method> <!-- testSubtract -->
      </class> <!-- com.test.CalculatorTest -->
    </test> <!-- Test -->
  </suite> <!-- Suite -->
</testng-results>
